<?xml version="1.0" encoding="UTF-8"?>
<testng-results ignored="0" total="3" passed="3" failed="0" skipped="0">
  <reporter-output>
  </reporter-output>
  <suite started-at="2021-09-26T16:00:40Z" name="Default suite" finished-at="2021-09-26T16:00:52Z" duration-ms="12589">
    <groups>
    </groups>
    <test started-at="2021-09-26T16:00:40Z" name="Default test" finished-at="2021-09-26T16:00:52Z" duration-ms="12589">
      <class name="Tests.JobsApi">
        <test-method is-config="true" signature="setUp()[pri:0, instance:Tests.JobsApi@4278284b]" started-at="2021-09-26T16:00:40Z" name="setUp" finished-at="2021-09-26T16:00:40Z" duration-ms="6" status="PASS">
          <reporter-output>
          </reporter-output>
        </test-method> <!-- setUp -->
        <test-method signature="getjobs()[pri:1, instance:Tests.JobsApi@4278284b]" started-at="2021-09-26T16:00:40Z" name="getjobs" finished-at="2021-09-26T16:00:50Z" duration-ms="10656" status="PASS">
          <reporter-output>
          </reporter-output>
        </test-method> <!-- getjobs -->
        <test-method is-config="true" signature="setUp()[pri:0, instance:Tests.JobsApi@4278284b]" started-at="2021-09-26T16:00:51Z" name="setUp" finished-at="2021-09-26T16:00:51Z" duration-ms="1" status="PASS">
          <reporter-output>
          </reporter-output>
        </test-method> <!-- setUp -->
        <test-method signature="CreateJob(java.lang.String, java.lang.String, java.lang.String, java.lang.String, java.lang.String, java.lang.String, java.lang.String)[pri:2, instance:Tests.JobsApi@4278284b]" started-at="2021-09-26T16:00:51Z" name="CreateJob" data-provider="getData" finished-at="2021-09-26T16:00:52Z" duration-ms="488" status="PASS">
          <params>
            <param index="0">
              <value>
                <![CDATA[1.0]]>
              </value>
            </param>
            <param index="1">
              <value>
                <![CDATA[Sdet-automation]]>
              </value>
            </param>
            <param index="2">
              <value>
                <![CDATA[Dizer]]>
              </value>
            </param>
            <param index="3">
              <value>
                <![CDATA[Ohio]]>
              </value>
            </param>
            <param index="4">
              <value>
                <![CDATA[Full time]]>
              </value>
            </param>
            <param index="5">
              <value>
                <![CDATA[askjflknafewjflkAJDKLjadskljDSJds]]>
              </value>
            </param>
            <param index="6">
              <value>
                <![CDATA[6 mins]]>
              </value>
            </param>
          </params>
          <reporter-output>
          </reporter-output>
        </test-method> <!-- CreateJob -->
        <test-method signature="CreateJob(java.lang.String, java.lang.String, java.lang.String, java.lang.String, java.lang.String, java.lang.String, java.lang.String)[pri:2, instance:Tests.JobsApi@4278284b]" started-at="2021-09-26T16:00:52Z" name="CreateJob" data-provider="getData" finished-at="2021-09-26T16:00:52Z" duration-ms="435" status="PASS">
          <params>
            <param index="0">
              <value>
                <![CDATA[2.0]]>
              </value>
            </param>
            <param index="1">
              <value>
                <![CDATA[QA-Automation]]>
              </value>
            </param>
            <param index="2">
              <value>
                <![CDATA[apple]]>
              </value>
            </param>
            <param index="3">
              <value>
                <![CDATA[CA]]>
              </value>
            </param>
            <param index="4">
              <value>
                <![CDATA[Contacts]]>
              </value>
            </param>
            <param index="5">
              <value>
                <![CDATA[jfljADLFKJl]]>
              </value>
            </param>
            <param index="6">
              <value>
                <![CDATA[10 mins]]>
              </value>
            </param>
          </params>
          <reporter-output>
          </reporter-output>
        </test-method> <!-- CreateJob -->
        <test-method is-config="true" signature="setUp()[pri:0, instance:Tests.JobsApi@4278284b]" started-at="2021-09-26T16:00:52Z" name="setUp" finished-at="2021-09-26T16:00:52Z" duration-ms="0" status="PASS">
          <reporter-output>
          </reporter-output>
        </test-method> <!-- setUp -->
      </class> <!-- Tests.JobsApi -->
    </test> <!-- Default test -->
  </suite> <!-- Default suite -->
</testng-results>
